🩺 The doctor is checking the health of your Storybook..
╭ Incompatible packages found ────────────────────────────────────────────────────────────────────────────────────────────────────────╮
│                                                                                                                                     │
│   The following packages are incompatible with Storybook 7.6.17 as they depend on different major versions of Storybook packages:   │
│   - @storybook/addon-a11y@7.6.20                                                                                                    │
│    Repo: https://github.com/storybookjs/storybook/tree/next/code/addons/a11y                                                        │
│   - storybook@8.3.3                                                                                                                 │
│    Repo: https://github.com/storybookjs/storybook/tree/next/code/lib/cli                                                            │
│   - @storybook/addon-essentials@8.3.3                                                                                               │
│    Repo: https://github.com/storybookjs/storybook/tree/next/code/addons/essentials                                                  │
│   - @storybook/addon-interactions@8.3.3                                                                                             │
│    Repo: https://github.com/storybookjs/storybook/tree/next/code/addons/interactions                                                │
│   - @storybook/addon-mdx-gfm@7.6.20                                                                                                 │
│    Repo: https://github.com/storybookjs/storybook/tree/next/code/addons/gfm                                                         │
│   - @storybook/core-server@8.3.3                                                                                                    │
│    Repo: https://github.com/storybookjs/storybook/tree/next/code/lib/core-server                                                    │
│   - @storybook/test@7.6.20                                                                                                          │
│    Repo: https://github.com/storybookjs/storybook/tree/next/code/lib/test                                                           │
│                                                                                                                                     │
│                                                                                                                                     │
│   Please consider updating your packages or contacting the maintainers for compatibility details.                                   │
│   For more on Storybook 8 compatibility, see the linked GitHub issue:                                                               │
│   https://github.com/storybookjs/storybook/issues/26031                                                                             │
│                                                                                                                                     │
╰─────────────────────────────────────────────────────────────────────────────────────────────────────────────────────────────────────╯

You can always recheck the health of your project by running:
npx storybook doctor

Full logs are available in /Users/marie-maxime/webdev/stack/doctor-storybook.log

