
 NX   Running target lint for 12 projects:

- directus-flexible-content
- directus-next-component
- directus-block
- directus-query
- directus-next
- directus-node
- next-component
- core-lib
- stack-ui
- logger
- automation
- demo



> nx run logger:lint


Linting "logger"...

✔ All files pass linting


> nx run core-lib:lint


Linting "core-lib"...
[0m[0m
[0m[4m/Users/marie-maxime/webdev/stack/libs/stack/core-lib/package.json[24m[0m
[0m  [2m0:0[22m  [33mwarning[39m  File ignored because of a matching ignore pattern. Use "--no-ignore" to disable file ignore settings or use "--no-warn-ignored" to suppress this warning[0m
[0m[0m
[0m[4m/Users/marie-maxime/webdev/stack/libs/stack/core-lib/project.json[24m[0m
[0m  [2m0:0[22m  [33mwarning[39m  File ignored because of a matching ignore pattern. Use "--no-ignore" to disable file ignore settings or use "--no-warn-ignored" to suppress this warning[0m
[0m[0m
[0m[4m/Users/marie-maxime/webdev/stack/libs/stack/core-lib/src/api/json-api/json-api-response.factory.ts[24m[0m
[0m  [2m12:36[22m  [33mwarning[39m  Unexpected nullable number value in conditional. Please handle the nullish/zero/NaN cases explicitly  [2mts/strict-boolean-expressions[22m[0m
[0m[0m
[0m[33m[1m✖ 3 problems (0 errors, 3 warnings)[22m[39m[0m
[0m[33m[1m[22m[39m[0m
✖ 3 problems (0 errors, 3 warnings)


> nx run directus-query:lint


Linting "directus-query"...
[0m[0m
[0m[4m/Users/marie-maxime/webdev/stack/libs/directus/directus-query/package.json[24m[0m
[0m  [2m0:0[22m  [33mwarning[39m  File ignored because of a matching ignore pattern. Use "--no-ignore" to disable file ignore settings or use "--no-warn-ignored" to suppress this warning[0m
[0m[0m
[0m[4m/Users/marie-maxime/webdev/stack/libs/directus/directus-query/project.json[24m[0m
[0m  [2m0:0[22m  [33mwarning[39m  File ignored because of a matching ignore pattern. Use "--no-ignore" to disable file ignore settings or use "--no-warn-ignored" to suppress this warning[0m
[0m[0m
[0m[33m[1m✖ 2 problems (0 errors, 2 warnings)[22m[39m[0m
[0m[33m[1m[22m[39m[0m
✖ 2 problems (0 errors, 2 warnings)


> nx run next-component:lint


Linting "next-component"...
[0m[0m
[0m[4m/Users/marie-maxime/webdev/stack/libs/stack/next-component/src/components/AdminBar/components/AdminBarError.tsx[24m[0m
[0m  [2m10:8[22m  [33mwarning[39m  Unexpected nullable object value in conditional. An explicit null check is required  [2mts/strict-boolean-expressions[22m[0m
[0m[0m
[0m[4m/Users/marie-maxime/webdev/stack/libs/stack/next-component/src/hooks/useFilterState/index.ts[24m[0m
[0m  [2m58:10[22m  [33mwarning[39m  Do not call the 'set' function 'setSelectedKeys' of 'useState' directly in 'useEffect'  [2mreact-hooks-extra/no-direct-set-state-in-use-effect[22m[0m
[0m[0m
[0m[4m/Users/marie-maxime/webdev/stack/libs/stack/next-component/src/hooks/useLink/index.ts[24m[0m
[0m  [2m47:7[22m  [33mwarning[39m  Unexpected value in conditional. A boolean expression is required  [2mts/strict-boolean-expressions[22m[0m
[0m[0m
[0m[33m[1m✖ 3 problems (0 errors, 3 warnings)[22m[39m[0m
[0m[33m[1m[22m[39m[0m
✖ 3 problems (0 errors, 3 warnings)


> nx run directus-node:lint


Linting "directus-node"...
[0m[0m
[0m[4m/Users/marie-maxime/webdev/stack/libs/directus/directus-node/package.json[24m[0m
[0m  [2m0:0[22m  [33mwarning[39m  File ignored because of a matching ignore pattern. Use "--no-ignore" to disable file ignore settings or use "--no-warn-ignored" to suppress this warning[0m
[0m[0m
[0m[4m/Users/marie-maxime/webdev/stack/libs/directus/directus-node/project.json[24m[0m
[0m  [2m0:0[22m  [33mwarning[39m  File ignored because of a matching ignore pattern. Use "--no-ignore" to disable file ignore settings or use "--no-warn-ignored" to suppress this warning[0m
[0m[0m
[0m[4m/Users/marie-maxime/webdev/stack/libs/directus/directus-node/src/lib/codegen.ts[24m[0m
[0m  [2m110:10[22m  [33mwarning[39m  Unexpected nullable string value in conditional. Please handle the nullish/empty cases explicitly  [2mts/strict-boolean-expressions[22m[0m
[0m  [2m122:9[22m   [33mwarning[39m  Unexpected nullable string value in conditional. Please handle the nullish/empty cases explicitly  [2mts/strict-boolean-expressions[22m[0m
[0m[0m
[0m[4m/Users/marie-maxime/webdev/stack/libs/directus/directus-node/src/lib/redirection/fetchRedirectsData.ts[24m[0m
[0m  [2m14:22[22m  [33mwarning[39m  Unexpected nullable string value in conditional. Please handle the nullish/empty cases explicitly  [2mts/strict-boolean-expressions[22m[0m
[0m  [2m14:66[22m  [33mwarning[39m  Unexpected nullable string value in conditional. Please handle the nullish/empty cases explicitly  [2mts/strict-boolean-expressions[22m[0m
[0m  [2m16:20[22m  [33mwarning[39m  Unexpected nullable string value in conditional. Please handle the nullish/empty cases explicitly  [2mts/strict-boolean-expressions[22m[0m
[0m  [2m38:8[22m   [33mwarning[39m  Unexpected nullable string value in conditional. Please handle the nullish/empty cases explicitly  [2mts/strict-boolean-expressions[22m[0m
[0m  [2m43:8[22m   [33mwarning[39m  Unexpected nullable string value in conditional. Please handle the nullish/empty cases explicitly  [2mts/strict-boolean-expressions[22m[0m
[0m  [2m84:11[22m  [33mwarning[39m  Unsafe assignment of an `any` value                                                                [2mts/no-unsafe-assignment[22m[0m
[0m  [2m85:11[22m  [33mwarning[39m  Unsafe assignment of an `any` value                                                                [2mts/no-unsafe-assignment[22m[0m
[0m  [2m87:10[22m  [33mwarning[39m  Unexpected any value in conditional. An explicit comparison or type conversion is required         [2mts/strict-boolean-expressions[22m[0m
[0m  [2m87:21[22m  [33mwarning[39m  Unsafe member access .length on an `any` value                                                     [2mts/no-unsafe-member-access[22m[0m
[0m  [2m87:32[22m  [33mwarning[39m  Unexpected any value in conditional. An explicit comparison or type conversion is required         [2mts/strict-boolean-expressions[22m[0m
[0m  [2m87:42[22m  [33mwarning[39m  Unsafe member access .length on an `any` value                                                     [2mts/no-unsafe-member-access[22m[0m
[0m  [2m95:53[22m  [33mwarning[39m  Unsafe member access .length on an `any` value                                                     [2mts/no-unsafe-member-access[22m[0m
[0m  [2m95:95[22m  [33mwarning[39m  Unsafe member access .length on an `any` value                                                     [2mts/no-unsafe-member-access[22m[0m
[0m  [2m97:37[22m  [33mwarning[39m  Unsafe argument of type `any` assigned to a parameter of type `(TRedirectData | null)[] | null`    [2mts/no-unsafe-argument[22m[0m
[0m  [2m98:36[22m  [33mwarning[39m  Unsafe argument of type `any` assigned to a parameter of type `(TRedirectData | null)[] | null`    [2mts/no-unsafe-argument[22m[0m
[0m[0m
[0m[4m/Users/marie-maxime/webdev/stack/libs/directus/directus-node/src/lib/redirection/redirectsFile.ts[24m[0m
[0m  [2m27:11[22m  [33mwarning[39m  Unsafe assignment of an `any` value                                                                         [2mts/no-unsafe-assignment[22m[0m
[0m  [2m47:37[22m  [33mwarning[39m  Unexpected any value in array predicate return type. An explicit comparison or type conversion is required  [2mts/strict-boolean-expressions[22m[0m
[0m  [2m48:14[22m  [33mwarning[39m  Unexpected any value in conditional. An explicit comparison or type conversion is required                  [2mts/strict-boolean-expressions[22m[0m
[0m  [2m48:29[22m  [33mwarning[39m  Unsafe member access .source on an `any` value                                                              [2mts/no-unsafe-member-access[22m[0m
[0m  [2m48:62[22m  [33mwarning[39m  Unsafe member access .destination on an `any` value                                                         [2mts/no-unsafe-member-access[22m[0m
[0m  [2m51:5[22m   [33mwarning[39m  Unsafe return of a value of type `any[]`                                                                    [2mts/no-unsafe-return[22m[0m
[0m  [2m66:8[22m   [33mwarning[39m  Unexpected nullable string value in conditional. Please handle the nullish/empty cases explicitly           [2mts/strict-boolean-expressions[22m[0m
[0m  [2m70:8[22m   [33mwarning[39m  Unexpected nullable string value in conditional. Please handle the nullish/empty cases explicitly           [2mts/strict-boolean-expressions[22m[0m
[0m[0m
[0m[4m/Users/marie-maxime/webdev/stack/libs/directus/directus-node/src/lib/redirection/utils/validateRedirects.ts[24m[0m
[0m   [2m5:12[22m  [33mwarning[39m  Unexpected any value in conditional. An explicit comparison or type conversion is required         [2mts/strict-boolean-expressions[22m[0m
[0m   [2m9:8[22m   [33mwarning[39m  Unexpected nullable object value in conditional. An explicit null check is required                [2mts/strict-boolean-expressions[22m[0m
[0m  [2m13:10[22m  [33mwarning[39m  Unexpected nullable object value in conditional. An explicit null check is required                [2mts/strict-boolean-expressions[22m[0m
[0m  [2m13:23[22m  [33mwarning[39m  Unexpected nullable string value in conditional. Please handle the nullish/empty cases explicitly  [2mts/strict-boolean-expressions[22m[0m
[0m  [2m13:34[22m  [33mwarning[39m  Unexpected nullable string value in conditional. Please handle the nullish/empty cases explicitly  [2mts/strict-boolean-expressions[22m[0m
[0m[0m
[0m[33m[1m✖ 32 problems (0 errors, 32 warnings)[22m[39m[0m
[0m[33m[1m[22m[39m[0m
✖ 32 problems (0 errors, 32 warnings)


> nx run stack-ui:lint


Linting "stack-ui"...
[0m[0m
[0m[4m/Users/marie-maxime/webdev/stack/libs/stack/stack-ui/package.json[24m[0m
[0m  [2m0:0[22m  [33mwarning[39m  File ignored because of a matching ignore pattern. Use "--no-ignore" to disable file ignore settings or use "--no-warn-ignored" to suppress this warning[0m
[0m[0m
[0m[4m/Users/marie-maxime/webdev/stack/libs/stack/stack-ui/project.json[24m[0m
[0m  [2m0:0[22m  [33mwarning[39m  File ignored because of a matching ignore pattern. Use "--no-ignore" to disable file ignore settings or use "--no-warn-ignored" to suppress this warning[0m
[0m[0m
[0m[4m/Users/marie-maxime/webdev/stack/libs/stack/stack-ui/src/components/Accordion/components/AccordionItem.tsx[24m[0m
[0m  [2m26:21[22m  [33mwarning[39m  Unexpected nullable string value in conditional. Please handle the nullish/empty cases explicitly  [2mts/strict-boolean-expressions[22m[0m
[0m  [2m26:90[22m  [33mwarning[39m  Unexpected nullable string value in conditional. Please handle the nullish/empty cases explicitly  [2mts/strict-boolean-expressions[22m[0m
[0m  [2m35:11[22m  [33mwarning[39m  Unexpected nullable object value in conditional. An explicit null check is required                [2mts/strict-boolean-expressions[22m[0m
[0m  [2m43:16[22m  [33mwarning[39m  Unexpected value in conditional. A boolean expression is required                                  [2mts/strict-boolean-expressions[22m[0m
[0m[0m
[0m[4m/Users/marie-maxime/webdev/stack/libs/stack/stack-ui/src/components/Accordion/components/AriaAccordionItem.tsx[24m[0m
[0m   [2m16:18[22m  [33mwarning[39m  Unsafe object destructuring of a property with an `any` value                               [2mts/no-unsafe-assignment[22m[0m
[0m   [2m17:9[22m   [33mwarning[39m  Unsafe assignment of an `any` value                                                         [2mts/no-unsafe-assignment[22m[0m
[0m   [2m18:11[22m  [33mwarning[39m  Unsafe assignment of an `any` value                                                         [2mts/no-unsafe-assignment[22m[0m
[0m   [2m24:9[22m   [33mwarning[39m  Unsafe assignment of an `any` value                                                         [2mts/no-unsafe-assignment[22m[0m
[0m   [2m24:84[22m  [33mwarning[39m  Unsafe member access .isDisabled on an `any` value                                          [2mts/no-unsafe-member-access[22m[0m
[0m   [2m66:55[22m  [33mwarning[39m  Unsafe assignment of an `any` value                                                         [2mts/no-unsafe-assignment[22m[0m
[0m   [2m69:9[22m   [33mwarning[39m  Unsafe assignment of an `any` value                                                         [2mts/no-unsafe-assignment[22m[0m
[0m   [2m77:5[22m   [33mwarning[39m  Unsafe call of an `any` typed value                                                         [2mts/no-unsafe-call[22m[0m
[0m   [2m81:55[22m  [33mwarning[39m  Unsafe assignment of an `any` value                                                         [2mts/no-unsafe-assignment[22m[0m
[0m   [2m88:19[22m  [33mwarning[39m  Unsafe assignment of an `any` value                                                         [2mts/no-unsafe-assignment[22m[0m
[0m   [2m90:57[22m  [33mwarning[39m  Unsafe assignment of an `any` value                                                         [2mts/no-unsafe-assignment[22m[0m
[0m   [2m93:12[22m  [33mwarning[39m  Unexpected any value in conditional. An explicit comparison or type conversion is required  [2mts/strict-boolean-expressions[22m[0m
[0m   [2m94:58[22m  [33mwarning[39m  Unsafe assignment of an `any` value                                                         [2mts/no-unsafe-assignment[22m[0m
[0m   [2m95:27[22m  [33mwarning[39m  Unsafe assignment of an `any` value                                                         [2mts/no-unsafe-assignment[22m[0m
[0m  [2m103:17[22m  [33mwarning[39m  Unsafe assignment of an `any` value                                                         [2mts/no-unsafe-assignment[22m[0m
[0m  [2m109:19[22m  [33mwarning[39m  Unsafe assignment of an `any` value                                                         [2mts/no-unsafe-assignment[22m[0m
[0m[0m
[0m[4m/Users/marie-maxime/webdev/stack/libs/stack/stack-ui/src/components/Alerts/components/AlertsItem.tsx[24m[0m
[0m  [2m24:8[22m   [33mwarning[39m  Unexpected nullable string value in conditional. Please handle the nullish/empty cases explicitly  [2mts/strict-boolean-expressions[22m[0m
[0m  [2m24:18[22m  [33mwarning[39m  Unexpected nullable object value in conditional. An explicit null check is required                [2mts/strict-boolean-expressions[22m[0m
[0m  [2m24:29[22m  [33mwarning[39m  Unexpected value in conditional. A boolean expression is required                                  [2mts/strict-boolean-expressions[22m[0m
[0m  [2m24:41[22m  [33mwarning[39m  Unexpected value in conditional. A boolean expression is required                                  [2mts/strict-boolean-expressions[22m[0m
[0m  [2m28:10[22m  [33mwarning[39m  Unexpected value in conditional. A boolean expression is required                                  [2mts/strict-boolean-expressions[22m[0m
[0m  [2m30:11[22m  [33mwarning[39m  Unexpected nullable string value in conditional. Please handle the nullish/empty cases explicitly  [2mts/strict-boolean-expressions[22m[0m
[0m  [2m30:20[22m  [33mwarning[39m  Unexpected nullable object value in conditional. An explicit null check is required                [2mts/strict-boolean-expressions[22m[0m
[0m  [2m30:30[22m  [33mwarning[39m  Unexpected value in conditional. A boolean expression is required                                  [2mts/strict-boolean-expressions[22m[0m
[0m  [2m32:14[22m  [33mwarning[39m  Unexpected nullable string value in conditional. Please handle the nullish/empty cases explicitly  [2mts/strict-boolean-expressions[22m[0m
[0m  [2m37:14[22m  [33mwarning[39m  Unexpected nullable object value in conditional. An explicit null check is required                [2mts/strict-boolean-expressions[22m[0m
[0m  [2m40:14[22m  [33mwarning[39m  Unexpected value in conditional. A boolean expression is required                                  [2mts/strict-boolean-expressions[22m[0m
[0m[0m
[0m[4m/Users/marie-maxime/webdev/stack/libs/stack/stack-ui/src/components/Calendar/components/CalendarCell.tsx[24m[0m
[0m  [2m31:28[22m  [33mwarning[39m  Unexpected nullable object value in conditional. An explicit null check is required  [2mts/strict-boolean-expressions[22m[0m
[0m  [2m31:37[22m  [33mwarning[39m  Unexpected nullable object value in conditional. An explicit null check is required  [2mts/strict-boolean-expressions[22m[0m
[0m  [2m32:26[22m  [33mwarning[39m  Unexpected nullable object value in conditional. An explicit null check is required  [2mts/strict-boolean-expressions[22m[0m
[0m  [2m32:35[22m  [33mwarning[39m  Unexpected nullable object value in conditional. An explicit null check is required  [2mts/strict-boolean-expressions[22m[0m
[0m[0m
[0m[4m/Users/marie-maxime/webdev/stack/libs/stack/stack-ui/src/components/Calendar/components/CalendarGrid.tsx[24m[0m
[0m  [2m59:20[22m  [33mwarning[39m  Unexpected nullable object value in conditional. An explicit null check is required  [2mts/strict-boolean-expressions[22m[0m
[0m[0m
[0m[4m/Users/marie-maxime/webdev/stack/libs/stack/stack-ui/src/components/Calendar/utils/getIsDateOutsideRange.ts[24m[0m
[0m   [2m6:8[22m   [33mwarning[39m  Unexpected nullable object value in conditional. An explicit null check is required  [2mts/strict-boolean-expressions[22m[0m
[0m  [2m10:14[22m  [33mwarning[39m  Unexpected nullable object value in conditional. An explicit null check is required  [2mts/strict-boolean-expressions[22m[0m
[0m  [2m10:58[22m  [33mwarning[39m  Unexpected nullable object value in conditional. An explicit null check is required  [2mts/strict-boolean-expressions[22m[0m
[0m[0m
[0m[4m/Users/marie-maxime/webdev/stack/libs/stack/stack-ui/src/components/Carousel/navigation/LegacyCarouselNavigationButton.tsx[24m[0m
[0m  [2m55:5[22m  [33mwarning[39m  Unexpected nullable object value in conditional. An explicit null check is required  [2mts/strict-boolean-expressions[22m[0m
[0m  [2m70:8[22m  [33mwarning[39m  Unexpected value in conditional. A boolean expression is required                    [2mts/strict-boolean-expressions[22m[0m
[0m  [2m96:8[22m  [33mwarning[39m  Unexpected value in conditional. A boolean expression is required                    [2mts/strict-boolean-expressions[22m[0m
[0m[0m
[0m[4m/Users/marie-maxime/webdev/stack/libs/stack/stack-ui/src/components/Carousel/navigation/useCarouselNextNavigation.ts[24m[0m
[0m  [2m19:5[22m  [33mwarning[39m  Unexpected nullable object value in conditional. An explicit null check is required  [2mts/strict-boolean-expressions[22m[0m
[0m[0m
[0m[4m/Users/marie-maxime/webdev/stack/libs/stack/stack-ui/src/components/Carousel/pagination/CarouselPagination.tsx[24m[0m
[0m  [2m16:53[22m  [33mwarning[39m  Unexpected nullable object value in conditional. An explicit null check is required  [2mts/strict-boolean-expressions[22m[0m
[0m[0m
[0m[4m/Users/marie-maxime/webdev/stack/libs/stack/stack-ui/src/components/Carousel/pagination/CarouselPaginationFraction.tsx[24m[0m
[0m  [2m21:10[22m  [33mwarning[39m  Unexpected value in conditional. A boolean expression is required  [2mts/strict-boolean-expressions[22m[0m
[0m[0m
[0m[4m/Users/marie-maxime/webdev/stack/libs/stack/stack-ui/src/components/Carousel/pagination/useCarouselPaginationBullet.tsx[24m[0m
[0m  [2m62:7[22m  [33mwarning[39m  Unsafe assignment of an `any` value  [2mts/no-unsafe-assignment[22m[0m
[0m[0m
[0m[4m/Users/marie-maxime/webdev/stack/libs/stack/stack-ui/src/components/Carousel/swiper/CarouselSlide.tsx[24m[0m
[0m  [2m16:8[22m  [33mwarning[39m  Unexpected nullable string value in conditional. Please handle the nullish/empty cases explicitly  [2mts/strict-boolean-expressions[22m[0m
[0m[0m
[0m[4m/Users/marie-maxime/webdev/stack/libs/stack/stack-ui/src/components/Carousel/swiper/useCarouselSlide.tsx[24m[0m
[0m  [2m11:8[22m   [33mwarning[39m  Unexpected nullable object value in conditional. An explicit null check is required  [2mts/strict-boolean-expressions[22m[0m
[0m  [2m11:24[22m  [33mwarning[39m  Unexpected nullable object value in conditional. An explicit null check is required  [2mts/strict-boolean-expressions[22m[0m
[0m[0m
[0m[4m/Users/marie-maxime/webdev/stack/libs/stack/stack-ui/src/components/Dialog/index.tsx[24m[0m
[0m  [2m24:10[22m  [33mwarning[39m  Unexpected value in conditional. A boolean expression is required  [2mts/strict-boolean-expressions[22m[0m
[0m[0m
[0m[4m/Users/marie-maxime/webdev/stack/libs/stack/stack-ui/src/components/Icon/index.tsx[24m[0m
[0m  [2m16:7[22m   [33mwarning[39m  Unexpected nullable object value in conditional. An explicit null check is required  [2mts/strict-boolean-expressions[22m[0m
[0m  [2m19:37[22m  [33mwarning[39m  Unsafe return of a value of type `Promise<any>`                                      [2mts/no-unsafe-return[22m[0m
[0m  [2m26:20[22m  [33mwarning[39m  Unexpected value in conditional. A boolean expression is required                    [2mts/strict-boolean-expressions[22m[0m
[0m[0m
[0m[4m/Users/marie-maxime/webdev/stack/libs/stack/stack-ui/src/components/Menu/Menu.tsx[24m[0m
[0m  [2m27:10[22m  [33mwarning[39m  Unexpected nullable object value in conditional. An explicit null check is required  [2mts/strict-boolean-expressions[22m[0m
[0m[0m
[0m[4m/Users/marie-maxime/webdev/stack/libs/stack/stack-ui/src/components/Node/index.tsx[24m[0m
[0m   [2m27:7[22m   [33mwarning[39m  Unexpected nullable object value in conditional. An explicit null check is required                [2mts/strict-boolean-expressions[22m[0m
[0m   [2m31:7[22m   [33mwarning[39m  Unexpected value in conditional. A boolean expression is required                                  [2mts/strict-boolean-expressions[22m[0m
[0m   [2m89:22[22m  [33mwarning[39m  Unexpected value in conditional. A boolean expression is required                                  [2mts/strict-boolean-expressions[22m[0m
[0m   [2m91:23[22m  [33mwarning[39m  Unexpected nullable string value in conditional. Please handle the nullish/empty cases explicitly  [2mts/strict-boolean-expressions[22m[0m
[0m   [2m91:92[22m  [33mwarning[39m  Unexpected nullable string value in conditional. Please handle the nullish/empty cases explicitly  [2mts/strict-boolean-expressions[22m[0m
[0m  [2m100:13[22m  [33mwarning[39m  Unexpected nullable object value in conditional. An explicit null check is required                [2mts/strict-boolean-expressions[22m[0m
[0m  [2m108:18[22m  [33mwarning[39m  Unexpected value in conditional. A boolean expression is required                                  [2mts/strict-boolean-expressions[22m[0m
[0m  [2m133:16[22m  [33mwarning[39m  Unexpected nullable object value in conditional. An explicit null check is required                [2mts/strict-boolean-expressions[22m[0m
[0m[0m
[0m[4m/Users/marie-maxime/webdev/stack/libs/stack/stack-ui/src/components/Popover/index.tsx[24m[0m
[0m  [2m77:12[22m  [33mwarning[39m  Unexpected nullable object value in conditional. An explicit null check is required  [2mts/strict-boolean-expressions[22m[0m
[0m[0m
[0m[4m/Users/marie-maxime/webdev/stack/libs/stack/stack-ui/src/components/ShareButton/index.tsx[24m[0m
[0m  [2m63:18[22m  [33mwarning[39m  Unexpected nullable string value in conditional. Please handle the nullish/empty cases explicitly  [2mts/strict-boolean-expressions[22m[0m
[0m[0m
[0m[4m/Users/marie-maxime/webdev/stack/libs/stack/stack-ui/src/components/SidePanel/index.tsx[24m[0m
[0m  [2m61:10[22m  [33mwarning[39m  Unexpected nullable object value in conditional. An explicit null check is required  [2mts/strict-boolean-expressions[22m[0m
[0m[0m
[0m[4m/Users/marie-maxime/webdev/stack/libs/stack/stack-ui/src/components/TabList/components/TabItem.tsx[24m[0m
[0m  [2m39:7[22m   [33mwarning[39m  Unexpected nullable object value in conditional. An explicit null check is required                [2mts/strict-boolean-expressions[22m[0m
[0m  [2m43:7[22m   [33mwarning[39m  Unexpected value in conditional. A boolean expression is required                                  [2mts/strict-boolean-expressions[22m[0m
[0m  [2m57:20[22m  [33mwarning[39m  Unexpected value in conditional. A boolean expression is required                                  [2mts/strict-boolean-expressions[22m[0m
[0m  [2m59:21[22m  [33mwarning[39m  Unexpected nullable string value in conditional. Please handle the nullish/empty cases explicitly  [2mts/strict-boolean-expressions[22m[0m
[0m  [2m59:90[22m  [33mwarning[39m  Unexpected nullable string value in conditional. Please handle the nullish/empty cases explicitly  [2mts/strict-boolean-expressions[22m[0m
[0m  [2m76:11[22m  [33mwarning[39m  Unexpected nullable object value in conditional. An explicit null check is required                [2mts/strict-boolean-expressions[22m[0m
[0m  [2m82:16[22m  [33mwarning[39m  Unexpected value in conditional. A boolean expression is required                                  [2mts/strict-boolean-expressions[22m[0m
[0m[0m
[0m[4m/Users/marie-maxime/webdev/stack/libs/stack/stack-ui/src/components/TabList/components/TabPanel.tsx[24m[0m
[0m  [2m33:36[22m  [33mwarning[39m  Unsafe member access .children on an `any` value  [2mts/no-unsafe-member-access[22m[0m
[0m[0m
[0m[4m/Users/marie-maxime/webdev/stack/libs/stack/stack-ui/src/components/TabList/index.tsx[24m[0m
[0m  [2m36:10[22m  [33mwarning[39m  Unexpected value in conditional. A boolean expression is required  [2mts/strict-boolean-expressions[22m[0m
[0m[0m
[0m[4m/Users/marie-maxime/webdev/stack/libs/stack/stack-ui/src/components/TagGroup/components/Tag.tsx[24m[0m
[0m  [2m32:15[22m  [33mwarning[39m  Unexpected nullable string value in conditional. Please handle the nullish/empty cases explicitly  [2mts/strict-boolean-expressions[22m[0m
[0m  [2m58:30[22m  [33mwarning[39m  Unexpected nullable object value in conditional. An explicit null check is required                [2mts/strict-boolean-expressions[22m[0m
[0m[0m
[0m[4m/Users/marie-maxime/webdev/stack/libs/stack/stack-ui/src/components/TagGroup/components/TagItem.tsx[24m[0m
[0m  [2m39:7[22m   [33mwarning[39m  Unexpected nullable object value in conditional. An explicit null check is required                [2mts/strict-boolean-expressions[22m[0m
[0m  [2m43:7[22m   [33mwarning[39m  Unexpected value in conditional. A boolean expression is required                                  [2mts/strict-boolean-expressions[22m[0m
[0m  [2m57:20[22m  [33mwarning[39m  Unexpected value in conditional. A boolean expression is required                                  [2mts/strict-boolean-expressions[22m[0m
[0m  [2m59:21[22m  [33mwarning[39m  Unexpected nullable string value in conditional. Please handle the nullish/empty cases explicitly  [2mts/strict-boolean-expressions[22m[0m
[0m  [2m59:90[22m  [33mwarning[39m  Unexpected nullable string value in conditional. Please handle the nullish/empty cases explicitly  [2mts/strict-boolean-expressions[22m[0m
[0m  [2m76:11[22m  [33mwarning[39m  Unexpected nullable object value in conditional. An explicit null check is required                [2mts/strict-boolean-expressions[22m[0m
[0m  [2m82:16[22m  [33mwarning[39m  Unexpected value in conditional. A boolean expression is required                                  [2mts/strict-boolean-expressions[22m[0m
[0m[0m
[0m[4m/Users/marie-maxime/webdev/stack/libs/stack/stack-ui/src/components/TagGroup/index.tsx[24m[0m
[0m  [2m28:10[22m  [33mwarning[39m  Unexpected value in conditional. A boolean expression is required  [2mts/strict-boolean-expressions[22m[0m
[0m  [2m39:30[22m  [33mwarning[39m  Unsafe assignment of an `any` value                                [2mts/no-unsafe-assignment[22m[0m
[0m  [2m44:10[22m  [33mwarning[39m  Unexpected value in conditional. A boolean expression is required  [2mts/strict-boolean-expressions[22m[0m
[0m  [2m49:10[22m  [33mwarning[39m  Unexpected value in conditional. A boolean expression is required  [2mts/strict-boolean-expressions[22m[0m
[0m[0m
[0m[4m/Users/marie-maxime/webdev/stack/libs/stack/stack-ui/src/components/fields/Checkbox/index.tsx[24m[0m
[0m   [2m55:48[22m  [33mwarning[39m  Unexpected value in conditional. A boolean expression is required                                  [2mts/strict-boolean-expressions[22m[0m
[0m   [2m62:19[22m  [33mwarning[39m  Unexpected nullable string value in conditional. Please handle the nullish/empty cases explicitly  [2mts/strict-boolean-expressions[22m[0m
[0m   [2m94:15[22m  [33mwarning[39m  Unexpected value in conditional. A boolean expression is required                                  [2mts/strict-boolean-expressions[22m[0m
[0m  [2m106:22[22m  [33mwarning[39m  Unsafe object destructuring of a property with an `any` value                                      [2mts/no-unsafe-assignment[22m[0m
[0m  [2m126:25[22m  [33mwarning[39m  Unsafe assignment of an `any` value                                                                [2mts/no-unsafe-assignment[22m[0m
[0m[0m
[0m[4m/Users/marie-maxime/webdev/stack/libs/stack/stack-ui/src/components/fields/CheckboxGroup/components/CheckboxGroupItem/index.tsx[24m[0m
[0m  [2m49:48[22m  [33mwarning[39m  Unexpected value in conditional. A boolean expression is required                                  [2mts/strict-boolean-expressions[22m[0m
[0m  [2m56:19[22m  [33mwarning[39m  Unexpected nullable string value in conditional. Please handle the nullish/empty cases explicitly  [2mts/strict-boolean-expressions[22m[0m
[0m  [2m67:10[22m  [33mwarning[39m  Unexpected nullable object value in conditional. An explicit null check is required                [2mts/strict-boolean-expressions[22m[0m
[0m[0m
[0m[4m/Users/marie-maxime/webdev/stack/libs/stack/stack-ui/src/components/fields/CheckboxGroup/index.tsx[24m[0m
[0m  [2m33:8[22m   [33mwarning[39m  Unexpected nullable string value in conditional. Please handle the nullish/empty cases explicitly  [2mts/strict-boolean-expressions[22m[0m
[0m  [2m41:19[22m  [33mwarning[39m  Unexpected nullable string value in conditional. Please handle the nullish/empty cases explicitly  [2mts/strict-boolean-expressions[22m[0m
[0m[0m
[0m[4m/Users/marie-maxime/webdev/stack/libs/stack/stack-ui/src/components/fields/ComboBox/combo-box.stories.tsx[24m[0m
[0m  [2m209:9[22m  [33mwarning[39m  Unexpected object value in conditional. The condition is always true  [2mts/strict-boolean-expressions[22m[0m
[0m[0m
[0m[4m/Users/marie-maxime/webdev/stack/libs/stack/stack-ui/src/components/fields/ComboBox/hooks/useComboBoxFiltering.ts[24m[0m
[0m   [2m37:10[22m  [33mwarning[39m  Unexpected nullable object value in conditional. An explicit null check is required                [2mts/strict-boolean-expressions[22m[0m
[0m   [2m61:10[22m  [33mwarning[39m  Unexpected nullable object value in conditional. An explicit null check is required                [2mts/strict-boolean-expressions[22m[0m
[0m   [2m93:29[22m  [33mwarning[39m  Unexpected nullable object value in conditional. An explicit null check is required                [2mts/strict-boolean-expressions[22m[0m
[0m   [2m93:48[22m  [33mwarning[39m  Unexpected nullable string value in conditional. Please handle the nullish/empty cases explicitly  [2mts/strict-boolean-expressions[22m[0m
[0m  [2m109:28[22m  [33mwarning[39m  Unexpected nullable object value in conditional. An explicit null check is required                [2mts/strict-boolean-expressions[22m[0m
[0m[0m
[0m[4m/Users/marie-maxime/webdev/stack/libs/stack/stack-ui/src/components/fields/ComboBox/index.tsx[24m[0m
[0m  [2m103:11[22m  [33mwarning[39m  Unexpected nullable object value in conditional. An explicit null check is required  [2mts/strict-boolean-expressions[22m[0m
[0m  [2m112:9[22m   [33mwarning[39m  Unexpected nullable object value in conditional. An explicit null check is required  [2mts/strict-boolean-expressions[22m[0m
[0m  [2m122:10[22m  [33mwarning[39m  Unexpected value in conditional. A boolean expression is required                    [2mts/strict-boolean-expressions[22m[0m
[0m  [2m144:20[22m  [33mwarning[39m  Unexpected nullable object value in conditional. An explicit null check is required  [2mts/strict-boolean-expressions[22m[0m
[0m  [2m166:26[22m  [33mwarning[39m  Unexpected value in conditional. A boolean expression is required                    [2mts/strict-boolean-expressions[22m[0m
[0m  [2m254:26[22m  [33mwarning[39m  Unsafe assignment of an `any` value                                                  [2mts/no-unsafe-assignment[22m[0m
[0m[0m
[0m[4m/Users/marie-maxime/webdev/stack/libs/stack/stack-ui/src/components/fields/DatePicker/DateRangePicker.tsx[24m[0m
[0m   [2m66:10[22m  [33mwarning[39m  Unexpected value in conditional. A boolean expression is required  [2mts/strict-boolean-expressions[22m[0m
[0m   [2m71:10[22m  [33mwarning[39m  Unexpected value in conditional. A boolean expression is required  [2mts/strict-boolean-expressions[22m[0m
[0m   [2m91:12[22m  [33mwarning[39m  Unexpected value in conditional. A boolean expression is required  [2mts/strict-boolean-expressions[22m[0m
[0m  [2m136:18[22m  [33mwarning[39m  Unexpected value in conditional. A boolean expression is required  [2mts/strict-boolean-expressions[22m[0m
[0m[0m
[0m[4m/Users/marie-maxime/webdev/stack/libs/stack/stack-ui/src/components/fields/DatePicker/components/Wrapper.tsx[24m[0m
[0m  [2m22:10[22m  [33mwarning[39m  Unexpected value in conditional. A boolean expression is required  [2mts/strict-boolean-expressions[22m[0m
[0m  [2m37:12[22m  [33mwarning[39m  Unexpected value in conditional. A boolean expression is required  [2mts/strict-boolean-expressions[22m[0m
[0m[0m
[0m[4m/Users/marie-maxime/webdev/stack/libs/stack/stack-ui/src/components/fields/DatePicker/index.tsx[24m[0m
[0m  [2m63:10[22m  [33mwarning[39m  Unexpected value in conditional. A boolean expression is required  [2mts/strict-boolean-expressions[22m[0m
[0m  [2m68:10[22m  [33mwarning[39m  Unexpected value in conditional. A boolean expression is required  [2mts/strict-boolean-expressions[22m[0m
[0m[0m
[0m[4m/Users/marie-maxime/webdev/stack/libs/stack/stack-ui/src/components/fields/ListBox/components/ListBoxSection.tsx[24m[0m
[0m  [2m42:10[22m  [33mwarning[39m  Unexpected value in conditional. A boolean expression is required  [2mts/strict-boolean-expressions[22m[0m
[0m[0m
[0m[4m/Users/marie-maxime/webdev/stack/libs/stack/stack-ui/src/components/fields/ListBox/index.tsx[24m[0m
[0m   [2m49:9[22m   [33mwarning[39m  Unexpected nullable object value in conditional. An explicit null check is required  [2mts/strict-boolean-expressions[22m[0m
[0m   [2m51:12[22m  [33mwarning[39m  Unexpected nullable object value in conditional. An explicit null check is required  [2mts/strict-boolean-expressions[22m[0m
[0m   [2m82:10[22m  [33mwarning[39m  Unexpected value in conditional. A boolean expression is required                    [2mts/strict-boolean-expressions[22m[0m
[0m  [2m110:22[22m  [33mwarning[39m  Unexpected value in conditional. A boolean expression is required                    [2mts/strict-boolean-expressions[22m[0m
[0m  [2m131:11[22m  [33mwarning[39m  Unsafe assignment of an `any` value                                                  [2mts/no-unsafe-assignment[22m[0m
[0m  [2m131:39[22m  [33mwarning[39m  Unsafe assignment of an `any` value                                                  [2mts/no-unsafe-assignment[22m[0m
[0m  [2m143:21[22m  [33mwarning[39m  Unsafe assignment of an `any` value                                                  [2mts/no-unsafe-assignment[22m[0m
[0m  [2m173:27[22m  [33mwarning[39m  Unsafe assignment of an `any` value                                                  [2mts/no-unsafe-assignment[22m[0m
[0m  [2m174:34[22m  [33mwarning[39m  Unsafe assignment of an `any` value                                                  [2mts/no-unsafe-assignment[22m[0m
[0m[0m
[0m[4m/Users/marie-maxime/webdev/stack/libs/stack/stack-ui/src/components/fields/ListBox/list-box.stories.tsx[24m[0m
[0m  [2m371:14[22m  [33mwarning[39m  Unexpected object value in conditional. The condition is always true  [2mts/strict-boolean-expressions[22m[0m
[0m[0m
[0m[4m/Users/marie-maxime/webdev/stack/libs/stack/stack-ui/src/components/fields/Radio/index.tsx[24m[0m
[0m  [2m55:9[22m  [33mwarning[39m  Unsafe assignment of an `any` value  [2mts/no-unsafe-assignment[22m[0m
[0m[0m
[0m[4m/Users/marie-maxime/webdev/stack/libs/stack/stack-ui/src/components/fields/RadioGroup/index.tsx[24m[0m
[0m  [2m25:8[22m   [33mwarning[39m  Unexpected nullable string value in conditional. Please handle the nullish/empty cases explicitly  [2mts/strict-boolean-expressions[22m[0m
[0m  [2m29:19[22m  [33mwarning[39m  Unexpected nullable string value in conditional. Please handle the nullish/empty cases explicitly  [2mts/strict-boolean-expressions[22m[0m
[0m[0m
[0m[4m/Users/marie-maxime/webdev/stack/libs/stack/stack-ui/src/components/fields/SearchField/index.tsx[24m[0m
[0m  [2m61:10[22m  [33mwarning[39m  Unexpected value in conditional. A boolean expression is required  [2mts/strict-boolean-expressions[22m[0m
[0m  [2m88:10[22m  [33mwarning[39m  Unexpected value in conditional. A boolean expression is required  [2mts/strict-boolean-expressions[22m[0m
[0m[0m
[0m[4m/Users/marie-maxime/webdev/stack/libs/stack/stack-ui/src/components/fields/Select/Select.tsx[24m[0m
[0m   [2m79:8[22m   [33mwarning[39m  Unexpected nullable string value in conditional. Please handle the nullish/empty cases explicitly  [2mts/strict-boolean-expressions[22m[0m
[0m   [2m97:34[22m  [33mwarning[39m  Unexpected nullable object value in conditional. An explicit null check is required                [2mts/strict-boolean-expressions[22m[0m
[0m  [2m100:26[22m  [33mwarning[39m  Unexpected nullable object value in conditional. An explicit null check is required                [2mts/strict-boolean-expressions[22m[0m
[0m  [2m190:20[22m  [33mwarning[39m  Unsafe assignment of an `any` value                                                                [2mts/no-unsafe-assignment[22m[0m
[0m[0m
[0m[4m/Users/marie-maxime/webdev/stack/libs/stack/stack-ui/src/components/fields/Select/components/Listbox.tsx[24m[0m
[0m  [2m67:28[22m  [33mwarning[39m  Unexpected nullable object value in conditional. An explicit null check is required  [2mts/strict-boolean-expressions[22m[0m
[0m  [2m74:16[22m  [33mwarning[39m  Unexpected nullable object value in conditional. An explicit null check is required  [2mts/strict-boolean-expressions[22m[0m
[0m[0m
[0m[4m/Users/marie-maxime/webdev/stack/libs/stack/stack-ui/src/components/fields/Select/components/getListboxSections.ts[24m[0m
[0m  [2m29:11[22m  [33mwarning[39m  Unexpected nullable object value in conditional. An explicit null check is required  [2mts/strict-boolean-expressions[22m[0m
[0m  [2m35:14[22m  [33mwarning[39m  Unexpected nullable object value in conditional. An explicit null check is required  [2mts/strict-boolean-expressions[22m[0m
[0m  [2m37:11[22m  [33mwarning[39m  Unexpected nullable object value in conditional. An explicit null check is required  [2mts/strict-boolean-expressions[22m[0m
[0m  [2m41:14[22m  [33mwarning[39m  Unexpected nullable object value in conditional. An explicit null check is required  [2mts/strict-boolean-expressions[22m[0m
[0m  [2m48:7[22m   [33mwarning[39m  Unexpected nullable object value in conditional. An explicit null check is required  [2mts/strict-boolean-expressions[22m[0m
[0m[0m
[0m[4m/Users/marie-maxime/webdev/stack/libs/stack/stack-ui/src/components/fields/TextArea/index.tsx[24m[0m
[0m  [2m47:12[22m  [33mwarning[39m  Unexpected value in conditional. A boolean expression is required                                  [2mts/strict-boolean-expressions[22m[0m
[0m  [2m76:10[22m  [33mwarning[39m  Unexpected nullable string value in conditional. Please handle the nullish/empty cases explicitly  [2mts/strict-boolean-expressions[22m[0m
[0m[0m
[0m[4m/Users/marie-maxime/webdev/stack/libs/stack/stack-ui/src/components/fields/TextInputField/index.tsx[24m[0m
[0m   [2m64:71[22m  [33mwarning[39m  Unexpected nullable string value in conditional. Please handle the nullish/empty cases explicitly  [2mts/strict-boolean-expressions[22m[0m
[0m   [2m76:14[22m  [33mwarning[39m  Unexpected value in conditional. A boolean expression is required                                  [2mts/strict-boolean-expressions[22m[0m
[0m   [2m91:14[22m  [33mwarning[39m  Unexpected value in conditional. A boolean expression is required                                  [2mts/strict-boolean-expressions[22m[0m
[0m  [2m100:15[22m  [33mwarning[39m  Unexpected nullable string value in conditional. Please handle the nullish/empty cases explicitly  [2mts/strict-boolean-expressions[22m[0m
[0m  [2m100:31[22m  [33mwarning[39m  Unexpected value in conditional. A boolean expression is required                                  [2mts/strict-boolean-expressions[22m[0m
[0m  [2m111:10[22m  [33mwarning[39m  Unexpected nullable string value in conditional. Please handle the nullish/empty cases explicitly  [2mts/strict-boolean-expressions[22m[0m
[0m[0m
[0m[4m/Users/marie-maxime/webdev/stack/libs/stack/stack-ui/src/components/fields/TextInputField/text-input-field.stories.tsx[24m[0m
[0m   [2m89:15[22m  [33mwarning[39m  Unexpected nullable object value in conditional. An explicit null check is required  [2mts/strict-boolean-expressions[22m[0m
[0m  [2m119:15[22m  [33mwarning[39m  Unexpected nullable object value in conditional. An explicit null check is required  [2mts/strict-boolean-expressions[22m[0m
[0m[0m
[0m[4m/Users/marie-maxime/webdev/stack/libs/stack/stack-ui/src/helpers/mergeDefaultComponentProps.ts[24m[0m
[0m  [2m26:21[22m  [33mwarning[39m  Unexpected nullable object value in conditional. An explicit null check is required  [2mts/strict-boolean-expressions[22m[0m
[0m  [2m30:18[22m  [33mwarning[39m  Unexpected nullable object value in conditional. An explicit null check is required  [2mts/strict-boolean-expressions[22m[0m
[0m[0m
[0m[4m/Users/marie-maxime/webdev/stack/libs/stack/stack-ui/src/providers/CheckboxGroup/index.tsx[24m[0m
[0m  [2m18:8[22m  [33mwarning[39m  Unexpected nullable object value in conditional. An explicit null check is required  [2mts/strict-boolean-expressions[22m[0m
[0m[0m
[0m[4m/Users/marie-maxime/webdev/stack/libs/stack/stack-ui/src/providers/Theme/hooks.ts[24m[0m
[0m  [2m13:13[22m  [33mwarning[39m  Unsafe assignment of an `any` value                                [2mts/no-unsafe-assignment[22m[0m
[0m  [2m13:27[22m  [33mwarning[39m  Unsafe call of a `Function` typed value                            [2mts/no-unsafe-call[22m[0m
[0m  [2m19:8[22m   [33mwarning[39m  Unexpected value in conditional. A boolean expression is required  [2mts/strict-boolean-expressions[22m[0m
[0m[0m
[0m[4m/Users/marie-maxime/webdev/stack/libs/stack/stack-ui/src/storybook/ShareButtonExample/index.tsx[24m[0m
[0m  [2m61:20[22m  [33mwarning[39m  Unexpected nullable string value in conditional. Please handle the nullish/empty cases explicitly  [2mts/strict-boolean-expressions[22m[0m
[0m[0m
[0m[33m[1m✖ 163 problems (0 errors, 163 warnings)[22m[39m[0m
[0m[33m[1m[22m[39m[0m
✖ 163 problems (0 errors, 163 warnings)


> nx run directus-block:lint


Linting "directus-block"...
[0m[0m
[0m[4m/Users/marie-maxime/webdev/stack/libs/directus/directus-block/package.json[24m[0m
[0m  [2m0:0[22m  [33mwarning[39m  File ignored because of a matching ignore pattern. Use "--no-ignore" to disable file ignore settings or use "--no-warn-ignored" to suppress this warning[0m
[0m[0m
[0m[4m/Users/marie-maxime/webdev/stack/libs/directus/directus-block/project.json[24m[0m
[0m  [2m0:0[22m  [33mwarning[39m  File ignored because of a matching ignore pattern. Use "--no-ignore" to disable file ignore settings or use "--no-warn-ignored" to suppress this warning[0m
[0m[0m
[0m[4m/Users/marie-maxime/webdev/stack/libs/directus/directus-block/src/blocks/BlockWysiwyg/index.tsx[24m[0m
[0m  [2m12:8[22m   [33mwarning[39m  Unexpected nullable string value in conditional. Please handle the nullish/empty cases explicitly  [2mts/strict-boolean-expressions[22m[0m
[0m  [2m12:21[22m  [33mwarning[39m  Unexpected nullable string value in conditional. Please handle the nullish/empty cases explicitly  [2mts/strict-boolean-expressions[22m[0m
[0m  [2m12:30[22m  [33mwarning[39m  Unexpected nullable string value in conditional. Please handle the nullish/empty cases explicitly  [2mts/strict-boolean-expressions[22m[0m
[0m  [2m17:8[22m   [33mwarning[39m  Unexpected nullable string value in conditional. Please handle the nullish/empty cases explicitly  [2mts/strict-boolean-expressions[22m[0m
[0m  [2m17:17[22m  [33mwarning[39m  Unexpected nullable string value in conditional. Please handle the nullish/empty cases explicitly  [2mts/strict-boolean-expressions[22m[0m
[0m  [2m22:8[22m   [33mwarning[39m  Unexpected nullable string value in conditional. Please handle the nullish/empty cases explicitly  [2mts/strict-boolean-expressions[22m[0m
[0m[0m
[0m[4m/Users/marie-maxime/webdev/stack/libs/directus/directus-block/src/components/BlockDispatcher/index.tsx[24m[0m
[0m  [2m14:12[22m  [33mwarning[39m  Unexpected nullable object value in conditional. An explicit null check is required  [2mts/strict-boolean-expressions[22m[0m
[0m[0m
[0m[4m/Users/marie-maxime/webdev/stack/libs/directus/directus-block/src/components/BlockSerializer/index.tsx[24m[0m
[0m   [2m8:8[22m   [33mwarning[39m  Unexpected nullable string value in conditional. Please handle the nullish/empty cases explicitly  [2mts/strict-boolean-expressions[22m[0m
[0m   [2m8:23[22m  [33mwarning[39m  Unexpected nullable object value in conditional. An explicit null check is required                [2mts/strict-boolean-expressions[22m[0m
[0m  [2m13:8[22m   [33mwarning[39m  Unexpected nullable object value in conditional. An explicit null check is required                [2mts/strict-boolean-expressions[22m[0m
[0m  [2m19:8[22m   [33mwarning[39m  Unexpected nullable string value in conditional. Please handle the nullish/empty cases explicitly  [2mts/strict-boolean-expressions[22m[0m
[0m  [2m31:8[22m   [33mwarning[39m  Unexpected object value in conditional. The condition is always true                               [2mts/strict-boolean-expressions[22m[0m
[0m[0m
[0m[4m/Users/marie-maxime/webdev/stack/libs/directus/directus-block/src/utils/getBlock.ts[24m[0m
[0m  [2m82:11[22m  [33mwarning[39m  Unsafe object destructuring of a property with an `any` value  [2mts/no-unsafe-assignment[22m[0m
[0m  [2m83:48[22m  [33mwarning[39m  Unsafe assignment of an `any` value                            [2mts/no-unsafe-assignment[22m[0m
[0m[0m
[0m[4m/Users/marie-maxime/webdev/stack/libs/directus/directus-block/src/utils/getBlockProps.ts[24m[0m
[0m  [2m19:12[22m  [33mwarning[39m  Unexpected nullable object value in conditional. An explicit null check is required                [2mts/strict-boolean-expressions[22m[0m
[0m  [2m37:8[22m   [33mwarning[39m  Unexpected nullable object value in conditional. An explicit null check is required                [2mts/strict-boolean-expressions[22m[0m
[0m  [2m42:8[22m   [33mwarning[39m  Unexpected object value in conditional. The condition is always true                               [2mts/strict-boolean-expressions[22m[0m
[0m  [2m42:71[22m  [33mwarning[39m  Unexpected nullable string value in conditional. Please handle the nullish/empty cases explicitly  [2mts/strict-boolean-expressions[22m[0m
[0m  [2m66:7[22m   [33mwarning[39m  Unexpected nullable object value in conditional. An explicit null check is required                [2mts/strict-boolean-expressions[22m[0m
[0m  [2m84:8[22m   [33mwarning[39m  Unexpected nullable object value in conditional. An explicit null check is required                [2mts/strict-boolean-expressions[22m[0m
[0m  [2m89:8[22m   [33mwarning[39m  Unexpected object value in conditional. The condition is always true                               [2mts/strict-boolean-expressions[22m[0m
[0m  [2m89:71[22m  [33mwarning[39m  Unexpected nullable string value in conditional. Please handle the nullish/empty cases explicitly  [2mts/strict-boolean-expressions[22m[0m
[0m[0m
[0m[4m/Users/marie-maxime/webdev/stack/libs/directus/directus-block/src/utils/mergeConfigs.ts[24m[0m
[0m  [2m15:10[22m  [33mwarning[39m  Unexpected nullable object value in conditional. An explicit null check is required  [2mts/strict-boolean-expressions[22m[0m
[0m[0m
[0m[33m[1m✖ 25 problems (0 errors, 25 warnings)[22m[39m[0m
[0m[33m[1m[22m[39m[0m
✖ 25 problems (0 errors, 25 warnings)


> nx run directus-next:lint


Linting "directus-next"...
[0m[0m
[0m[4m/Users/marie-maxime/webdev/stack/libs/directus/directus-next/package.json[24m[0m
[0m  [2m0:0[22m  [33mwarning[39m  File ignored because of a matching ignore pattern. Use "--no-ignore" to disable file ignore settings or use "--no-warn-ignored" to suppress this warning[0m
[0m[0m
[0m[4m/Users/marie-maxime/webdev/stack/libs/directus/directus-next/project.json[24m[0m
[0m  [2m0:0[22m  [33mwarning[39m  File ignored because of a matching ignore pattern. Use "--no-ignore" to disable file ignore settings or use "--no-warn-ignored" to suppress this warning[0m
[0m[0m
[0m[4m/Users/marie-maxime/webdev/stack/libs/directus/directus-next/src/draft/env.ts[24m[0m
[0m  [2m3:10[22m  [33mwarning[39m  Unexpected nullable string value in conditional. Please handle the nullish/empty cases explicitly  [2mts/strict-boolean-expressions[22m[0m
[0m[0m
[0m[4m/Users/marie-maxime/webdev/stack/libs/directus/directus-next/src/draft/route.ts[24m[0m
[0m   [2m32:9[22m   [33mwarning[39m  Unsafe return of a value of type `any`                                                             [2mts/no-unsafe-return[22m[0m
[0m  [2m126:9[22m   [33mwarning[39m  Unexpected nullable string value in conditional. Please handle the nullish/empty cases explicitly  [2mts/strict-boolean-expressions[22m[0m
[0m  [2m128:15[22m  [33mwarning[39m  Unsafe assignment of an `any` value                                                                [2mts/no-unsafe-assignment[22m[0m
[0m  [2m129:9[22m   [33mwarning[39m  Unsafe assignment of an `any` value                                                                [2mts/no-unsafe-assignment[22m[0m
[0m  [2m129:25[22m  [33mwarning[39m  Unsafe member access [index] on an `any` value                                                     [2mts/no-unsafe-member-access[22m[0m
[0m  [2m177:7[22m   [33mwarning[39m  Unsafe argument of type `any` assigned to a parameter of type `number`                             [2mts/no-unsafe-argument[22m[0m
[0m  [2m229:7[22m   [33mwarning[39m  Unexpected nullable string value in conditional. Please handle the nullish/empty cases explicitly  [2mts/strict-boolean-expressions[22m[0m
[0m  [2m230:9[22m   [33mwarning[39m  Unexpected nullable string value in conditional. Please handle the nullish/empty cases explicitly  [2mts/strict-boolean-expressions[22m[0m
[0m[0m
[0m[4m/Users/marie-maxime/webdev/stack/libs/directus/directus-next/src/pageSettings/getPageSettings.ts[24m[0m
[0m  [2m15:12[22m  [33mwarning[39m  Unexpected nullable object value in conditional. An explicit null check is required  [2mts/strict-boolean-expressions[22m[0m
[0m  [2m23:8[22m   [33mwarning[39m  Unexpected nullable object value in conditional. An explicit null check is required  [2mts/strict-boolean-expressions[22m[0m
[0m  [2m70:8[22m   [33mwarning[39m  Unexpected nullable object value in conditional. An explicit null check is required  [2mts/strict-boolean-expressions[22m[0m
[0m  [2m86:8[22m   [33mwarning[39m  Unexpected object value in conditional. The condition is always true                 [2mts/strict-boolean-expressions[22m[0m
[0m  [2m91:8[22m   [33mwarning[39m  Unexpected nullable object value in conditional. An explicit null check is required  [2mts/strict-boolean-expressions[22m[0m
[0m[0m
[0m[4m/Users/marie-maxime/webdev/stack/libs/directus/directus-next/src/redirect/env.ts[24m[0m
[0m   [2m7:10[22m  [33mwarning[39m  Unexpected nullable string value in conditional. Please handle the nullish/empty cases explicitly  [2mts/strict-boolean-expressions[22m[0m
[0m  [2m12:8[22m   [33mwarning[39m  Unexpected nullable string value in conditional. Please handle the nullish/empty cases explicitly  [2mts/strict-boolean-expressions[22m[0m
[0m[0m
[0m[4m/Users/marie-maxime/webdev/stack/libs/directus/directus-next/src/redirect/utils/getRedirectsRoute.ts[24m[0m
[0m  [2m28:11[22m  [33mwarning[39m  Unsafe assignment of an `any` value     [2mts/no-unsafe-assignment[22m[0m
[0m  [2m30:5[22m   [33mwarning[39m  Unsafe return of a value of type `any`  [2mts/no-unsafe-return[22m[0m
[0m[0m
[0m[4m/Users/marie-maxime/webdev/stack/libs/directus/directus-next/src/redirect/utils/handleRedirect.ts[24m[0m
[0m  [2m12:8[22m   [33mwarning[39m  Unexpected nullable string value in conditional. Please handle the nullish/empty cases explicitly  [2mts/strict-boolean-expressions[22m[0m
[0m  [2m36:16[22m  [33mwarning[39m  Unexpected nullable object value in conditional. An explicit null check is required                [2mts/strict-boolean-expressions[22m[0m
[0m  [2m39:8[22m   [33mwarning[39m  Unexpected nullable object value in conditional. An explicit null check is required                [2mts/strict-boolean-expressions[22m[0m
[0m  [2m47:7[22m   [33mwarning[39m  Unexpected nullable string value in conditional. Please handle the nullish/empty cases explicitly  [2mts/strict-boolean-expressions[22m[0m
[0m  [2m56:7[22m   [33mwarning[39m  Unexpected nullable string value in conditional. Please handle the nullish/empty cases explicitly  [2mts/strict-boolean-expressions[22m[0m
[0m[0m
[0m[4m/Users/marie-maxime/webdev/stack/libs/directus/directus-next/src/router/router.ts[24m[0m
[0m  [2m13:8[22m   [33mwarning[39m  Unexpected nullable string value in conditional. Please handle the nullish/empty cases explicitly  [2mts/strict-boolean-expressions[22m[0m
[0m  [2m62:7[22m   [33mwarning[39m  Unexpected nullable object value in conditional. An explicit null check is required                [2mts/strict-boolean-expressions[22m[0m
[0m  [2m76:8[22m   [33mwarning[39m  Unexpected nullable object value in conditional. An explicit null check is required                [2mts/strict-boolean-expressions[22m[0m
[0m  [2m76:24[22m  [33mwarning[39m  Unexpected nullable object value in conditional. An explicit null check is required                [2mts/strict-boolean-expressions[22m[0m
[0m  [2m76:55[22m  [33mwarning[39m  Unexpected nullable object value in conditional. An explicit null check is required                [2mts/strict-boolean-expressions[22m[0m
[0m  [2m85:8[22m   [33mwarning[39m  Unexpected nullable string value in conditional. Please handle the nullish/empty cases explicitly  [2mts/strict-boolean-expressions[22m[0m
[0m  [2m90:8[22m   [33mwarning[39m  Unexpected nullable string value in conditional. Please handle the nullish/empty cases explicitly  [2mts/strict-boolean-expressions[22m[0m
[0m  [2m96:24[22m  [33mwarning[39m  Unexpected nullable string value in conditional. Please handle the nullish/empty cases explicitly  [2mts/strict-boolean-expressions[22m[0m
[0m  [2m98:19[22m  [33mwarning[39m  Unexpected nullable string value in conditional. Please handle the nullish/empty cases explicitly  [2mts/strict-boolean-expressions[22m[0m
[0m[0m
[0m[4m/Users/marie-maxime/webdev/stack/libs/directus/directus-next/src/router/utils/fetchPageSettingsTranslation.ts[24m[0m
[0m  [2m24:27[22m  [33mwarning[39m  Unexpected nullable string value in conditional. Please handle the nullish/empty cases explicitly  [2mts/strict-boolean-expressions[22m[0m
[0m  [2m27:8[22m   [33mwarning[39m  Unexpected nullable string value in conditional. Please handle the nullish/empty cases explicitly  [2mts/strict-boolean-expressions[22m[0m
[0m  [2m31:8[22m   [33mwarning[39m  Unexpected nullable string value in conditional. Please handle the nullish/empty cases explicitly  [2mts/strict-boolean-expressions[22m[0m
[0m  [2m56:11[22m  [33mwarning[39m  Unsafe assignment of an `any` value                                                                [2mts/no-unsafe-assignment[22m[0m
[0m  [2m58:17[22m  [33mwarning[39m  Unsafe member access .page_settings_translations on an `any` value                                 [2mts/no-unsafe-member-access[22m[0m
[0m[0m
[0m[4m/Users/marie-maxime/webdev/stack/libs/directus/directus-next/src/router/utils/locale.ts[24m[0m
[0m  [2m23:7[22m  [33mwarning[39m  Unexpected nullable string value in conditional. Please handle the nullish/empty cases explicitly  [2mts/strict-boolean-expressions[22m[0m
[0m[0m
[0m[33m[1m✖ 40 problems (0 errors, 40 warnings)[22m[39m[0m
[0m[33m[1m[22m[39m[0m
✖ 40 problems (0 errors, 40 warnings)


> nx run directus-flexible-content:lint


Linting "directus-flexible-content"...
[0m[0m
[0m[4m/Users/marie-maxime/webdev/stack/libs/directus/directus-flexible-content/src/lib/components/FlexibleEditorContent/index.tsx[24m[0m
[0m  [2m43:9[22m   [33mwarning[39m  Unexpected object value in conditional. The condition is always true                 [2mts/strict-boolean-expressions[22m[0m
[0m  [2m44:12[22m  [33mwarning[39m  Unexpected object value in conditional. The condition is always true                 [2mts/strict-boolean-expressions[22m[0m
[0m  [2m80:8[22m   [33mwarning[39m  Unexpected nullable object value in conditional. An explicit null check is required  [2mts/strict-boolean-expressions[22m[0m
[0m[0m
[0m[4m/Users/marie-maxime/webdev/stack/libs/directus/directus-flexible-content/src/lib/components/RenderNodes/index.tsx[24m[0m
[0m  [2m32:9[22m   [33mwarning[39m  Unsafe assignment of an `any` value                                                  [2mts/no-unsafe-assignment[22m[0m
[0m  [2m37:5[22m   [33mwarning[39m  Unsafe argument of type `any` assigned to a parameter of type `JSONContent`          [2mts/no-unsafe-argument[22m[0m
[0m  [2m50:11[22m  [33mwarning[39m  Unexpected nullable object value in conditional. An explicit null check is required  [2mts/strict-boolean-expressions[22m[0m
[0m[0m
[0m[4m/Users/marie-maxime/webdev/stack/libs/directus/directus-flexible-content/src/lib/functions/injectDataIntoContent.ts[24m[0m
[0m   [2m6:10[22m  [33mwarning[39m  Unexpected nullable object value in conditional. An explicit null check is required         [2mts/strict-boolean-expressions[22m[0m
[0m   [2m6:18[22m  [33mwarning[39m  Unexpected object value in conditional. The condition is always true                        [2mts/strict-boolean-expressions[22m[0m
[0m   [2m8:10[22m  [33mwarning[39m  Unexpected object value in conditional. The condition is always true                        [2mts/strict-boolean-expressions[22m[0m
[0m   [2m8:26[22m  [33mwarning[39m  Unexpected nullable object value in conditional. An explicit null check is required         [2mts/strict-boolean-expressions[22m[0m
[0m  [2m11:48[22m  [33mwarning[39m  Unexpected any value in conditional. An explicit comparison or type conversion is required  [2mts/strict-boolean-expressions[22m[0m
[0m  [2m12:52[22m  [33mwarning[39m  Unexpected any value in conditional. An explicit comparison or type conversion is required  [2mts/strict-boolean-expressions[22m[0m
[0m  [2m13:59[22m  [33mwarning[39m  Unexpected any value in conditional. An explicit comparison or type conversion is required  [2mts/strict-boolean-expressions[22m[0m
[0m[0m
[0m[4m/Users/marie-maxime/webdev/stack/libs/directus/directus-flexible-content/src/lib/functions/mergeSerializers.ts[24m[0m
[0m  [2m12:13[22m  [33mwarning[39m  Unexpected nullable object value in conditional. An explicit null check is required  [2mts/strict-boolean-expressions[22m[0m
[0m[0m
[0m[4m/Users/marie-maxime/webdev/stack/libs/directus/directus-flexible-content/src/lib/functions/renderView.ts[24m[0m
[0m   [2m16:8[22m   [33mwarning[39m  Unexpected nullable object value in conditional. An explicit null check is required        [2mts/strict-boolean-expressions[22m[0m
[0m   [2m27:8[22m   [33mwarning[39m  Unexpected nullable object value in conditional. An explicit null check is required        [2mts/strict-boolean-expressions[22m[0m
[0m   [2m27:28[22m  [33mwarning[39m  Unexpected nullable object value in conditional. An explicit null check is required        [2mts/strict-boolean-expressions[22m[0m
[0m   [2m35:8[22m   [33mwarning[39m  Unexpected nullable object value in conditional. An explicit null check is required        [2mts/strict-boolean-expressions[22m[0m
[0m   [2m38:7[22m   [33mwarning[39m  Unexpected nullable object value in conditional. An explicit null check is required        [2mts/strict-boolean-expressions[22m[0m
[0m   [2m53:7[22m   [33mwarning[39m  Unexpected nullable object value in conditional. An explicit null check is required        [2mts/strict-boolean-expressions[22m[0m
[0m   [2m58:9[22m   [33mwarning[39m  Unexpected nullable object value in conditional. An explicit null check is required        [2mts/strict-boolean-expressions[22m[0m
[0m   [2m81:46[22m  [33mwarning[39m  Unsafe assignment of an `any` value                                                        [2mts/no-unsafe-assignment[22m[0m
[0m   [2m88:52[22m  [33mwarning[39m  Unsafe argument of type `any` assigned to a parameter of type `ReactNode | JSONContent[]`  [2mts/no-unsafe-argument[22m[0m
[0m   [2m95:7[22m   [33mwarning[39m  Unsafe return of a value of type `any`                                                     [2mts/no-unsafe-return[22m[0m
[0m  [2m103:7[22m   [33mwarning[39m  Unexpected nullable object value in conditional. An explicit null check is required        [2mts/strict-boolean-expressions[22m[0m
[0m[0m
[0m[33m[1m✖ 25 problems (0 errors, 25 warnings)[22m[39m[0m
[0m[33m[1m[22m[39m[0m
✖ 25 problems (0 errors, 25 warnings)


> nx run directus-next-component:lint


Linting "directus-next-component"...
[0m[0m
[0m[4m/Users/marie-maxime/webdev/stack/libs/directus/directus-next-component/package.json[24m[0m
[0m  [2m0:0[22m  [33mwarning[39m  File ignored because of a matching ignore pattern. Use "--no-ignore" to disable file ignore settings or use "--no-warn-ignored" to suppress this warning[0m
[0m[0m
[0m[4m/Users/marie-maxime/webdev/stack/libs/directus/directus-next-component/project.json[24m[0m
[0m  [2m0:0[22m  [33mwarning[39m  File ignored because of a matching ignore pattern. Use "--no-ignore" to disable file ignore settings or use "--no-warn-ignored" to suppress this warning[0m
[0m[0m
[0m[4m/Users/marie-maxime/webdev/stack/libs/directus/directus-next-component/src/components/DirectusFile/index.tsx[24m[0m
[0m  [2m12:8[22m  [33mwarning[39m  Unexpected value in conditional. A boolean expression is required  [2mts/strict-boolean-expressions[22m[0m
[0m[0m
[0m[4m/Users/marie-maxime/webdev/stack/libs/directus/directus-next-component/src/components/DirectusImg/index.tsx[24m[0m
[0m  [2m11:8[22m   [33mwarning[39m  Unexpected nullable object value in conditional. An explicit null check is required                   [2mts/strict-boolean-expressions[22m[0m
[0m  [2m14:27[22m  [33mwarning[39m  Unexpected nullable number value in conditional. Please handle the nullish/zero/NaN cases explicitly  [2mts/strict-boolean-expressions[22m[0m
[0m  [2m14:44[22m  [33mwarning[39m  Unexpected nullable number value in conditional. Please handle the nullish/zero/NaN cases explicitly  [2mts/strict-boolean-expressions[22m[0m
[0m  [2m14:61[22m  [33mwarning[39m  Unexpected nullable number value in conditional. Please handle the nullish/zero/NaN cases explicitly  [2mts/strict-boolean-expressions[22m[0m
[0m  [2m14:72[22m  [33mwarning[39m  Unexpected nullable number value in conditional. Please handle the nullish/zero/NaN cases explicitly  [2mts/strict-boolean-expressions[22m[0m
[0m  [2m23:8[22m   [33mwarning[39m  Unexpected object value in conditional. The condition is always true                                  [2mts/strict-boolean-expressions[22m[0m
[0m  [2m29:12[22m  [33mwarning[39m  Unexpected nullable string value in conditional. Please handle the nullish/empty cases explicitly     [2mts/strict-boolean-expressions[22m[0m
[0m[0m
[0m[4m/Users/marie-maxime/webdev/stack/libs/directus/directus-next-component/src/components/DirectusLink/index.tsx[24m[0m
[0m  [2m10:8[22m  [33mwarning[39m  Unexpected nullable string value in conditional. Please handle the nullish/empty cases explicitly  [2mts/strict-boolean-expressions[22m[0m
[0m  [2m15:7[22m  [33mwarning[39m  Unexpected nullable object value in conditional. An explicit null check is required                [2mts/strict-boolean-expressions[22m[0m
[0m  [2m18:8[22m  [33mwarning[39m  Unexpected nullable string value in conditional. Please handle the nullish/empty cases explicitly  [2mts/strict-boolean-expressions[22m[0m
[0m[0m
[0m[4m/Users/marie-maxime/webdev/stack/libs/directus/directus-next-component/src/components/DirectusVideo/index.tsx[24m[0m
[0m  [2m10:8[22m  [33mwarning[39m  Unexpected nullable object value in conditional. An explicit null check is required  [2mts/strict-boolean-expressions[22m[0m
[0m[0m
[0m[4m/Users/marie-maxime/webdev/stack/libs/directus/directus-next-component/src/lib/directus-next-rewrite.ts[24m[0m
[0m  [2m10:8[22m   [33mwarning[39m  Unexpected nullable string value in conditional. Please handle the nullish/empty cases explicitly  [2mts/strict-boolean-expressions[22m[0m
[0m  [2m10:28[22m  [33mwarning[39m  Unexpected nullable string value in conditional. Please handle the nullish/empty cases explicitly  [2mts/strict-boolean-expressions[22m[0m
[0m  [2m52:11[22m  [33mwarning[39m  Unsafe assignment of an `any` value                                                                [2mts/no-unsafe-assignment[22m[0m
[0m  [2m81:33[22m  [33mwarning[39m  Unexpected nullable string value in conditional. Please handle the nullish/empty cases explicitly  [2mts/strict-boolean-expressions[22m[0m
[0m[0m
[0m[4m/Users/marie-maxime/webdev/stack/libs/directus/directus-next-component/src/utils/getDirectusFile/index.ts[24m[0m
[0m  [2m11:10[22m  [33mwarning[39m  Unexpected nullable string value in conditional. Please handle the nullish/empty cases explicitly  [2mts/strict-boolean-expressions[22m[0m
[0m  [2m21:8[22m   [33mwarning[39m  Unexpected nullable string value in conditional. Please handle the nullish/empty cases explicitly  [2mts/strict-boolean-expressions[22m[0m
[0m  [2m21:21[22m  [33mwarning[39m  Unexpected nullable string value in conditional. Please handle the nullish/empty cases explicitly  [2mts/strict-boolean-expressions[22m[0m
[0m  [2m26:9[22m   [33mwarning[39m  Unexpected nullable string value in conditional. Please handle the nullish/empty cases explicitly  [2mts/strict-boolean-expressions[22m[0m
[0m  [2m28:9[22m   [33mwarning[39m  Unexpected nullable object value in conditional. An explicit null check is required                [2mts/strict-boolean-expressions[22m[0m
[0m  [2m46:8[22m   [33mwarning[39m  Unexpected nullable object value in conditional. An explicit null check is required                [2mts/strict-boolean-expressions[22m[0m
[0m  [2m46:17[22m  [33mwarning[39m  Unexpected nullable string value in conditional. Please handle the nullish/empty cases explicitly  [2mts/strict-boolean-expressions[22m[0m
[0m  [2m50:8[22m   [33mwarning[39m  Unexpected nullable object value in conditional. An explicit null check is required                [2mts/strict-boolean-expressions[22m[0m
[0m[0m
[0m[4m/Users/marie-maxime/webdev/stack/libs/directus/directus-next-component/src/utils/getDirectusLink/index.ts[24m[0m
[0m   [2m35:8[22m  [33mwarning[39m  Unexpected nullable string value in conditional. Please handle the nullish/empty cases explicitly  [2mts/strict-boolean-expressions[22m[0m
[0m  [2m128:8[22m  [33mwarning[39m  Unexpected nullable string value in conditional. Please handle the nullish/empty cases explicitly  [2mts/strict-boolean-expressions[22m[0m
[0m  [2m137:8[22m  [33mwarning[39m  Unexpected nullable string value in conditional. Please handle the nullish/empty cases explicitly  [2mts/strict-boolean-expressions[22m[0m
[0m  [2m143:9[22m  [33mwarning[39m  Unexpected nullable string value in conditional. Please handle the nullish/empty cases explicitly  [2mts/strict-boolean-expressions[22m[0m
[0m  [2m144:9[22m  [33mwarning[39m  Unexpected value in conditional. A boolean expression is required                                  [2mts/strict-boolean-expressions[22m[0m
[0m  [2m145:9[22m  [33mwarning[39m  Unexpected nullable object value in conditional. An explicit null check is required                [2mts/strict-boolean-expressions[22m[0m
[0m[0m
[0m[4m/Users/marie-maxime/webdev/stack/libs/directus/directus-next-component/src/utils/getDirectusMetadata/index.ts[24m[0m
[0m  [2m21:11[22m  [33mwarning[39m  Unexpected nullable object value in conditional. An explicit null check is required                   [2mts/strict-boolean-expressions[22m[0m
[0m  [2m35:8[22m   [33mwarning[39m  Unexpected nullable object value in conditional. An explicit null check is required                   [2mts/strict-boolean-expressions[22m[0m
[0m  [2m51:8[22m   [33mwarning[39m  Unexpected nullable number value in conditional. Please handle the nullish/zero/NaN cases explicitly  [2mts/strict-boolean-expressions[22m[0m
[0m  [2m51:32[22m  [33mwarning[39m  Unexpected nullable number value in conditional. Please handle the nullish/zero/NaN cases explicitly  [2mts/strict-boolean-expressions[22m[0m
[0m  [2m60:8[22m   [33mwarning[39m  Unexpected nullable string value in conditional. Please handle the nullish/empty cases explicitly     [2mts/strict-boolean-expressions[22m[0m
[0m  [2m60:16[22m  [33mwarning[39m  Unexpected nullable number value in conditional. Please handle the nullish/zero/NaN cases explicitly  [2mts/strict-boolean-expressions[22m[0m
[0m[0m
[0m[4m/Users/marie-maxime/webdev/stack/libs/directus/directus-next-component/src/utils/getNavigationItems/index.tsx[24m[0m
[0m  [2m15:11[22m  [33mwarning[39m  Unsafe object destructuring of a property with an `any` value                                      [2mts/no-unsafe-assignment[22m[0m
[0m  [2m18:9[22m   [33mwarning[39m  Unsafe assignment of an `any` value                                                                [2mts/no-unsafe-assignment[22m[0m
[0m  [2m25:5[22m   [33mwarning[39m  Unsafe assignment of an `any` value                                                                [2mts/no-unsafe-assignment[22m[0m
[0m  [2m40:8[22m   [33mwarning[39m  Unexpected nullable string value in conditional. Please handle the nullish/empty cases explicitly  [2mts/strict-boolean-expressions[22m[0m
[0m  [2m60:8[22m   [33mwarning[39m  Unexpected nullable string value in conditional. Please handle the nullish/empty cases explicitly  [2mts/strict-boolean-expressions[22m[0m
[0m[0m
[0m[33m[1m✖ 43 problems (0 errors, 43 warnings)[22m[39m[0m
[0m[33m[1m[22m[39m[0m
✖ 43 problems (0 errors, 43 warnings)


> nx run automation:lint


Linting "automation"...

✔ All files pass linting


> nx run demo:lint


Linting "demo"...
[0m[0m
[0m[4m/Users/marie-maxime/webdev/stack/apps/demo/app/directus-next-component/directus-link/page.tsx[24m[0m
[0m  [2m16:8[22m   [33mwarning[39m  Unexpected nullable object value in conditional. An explicit null check is required  [2mts/strict-boolean-expressions[22m[0m
[0m  [2m21:8[22m   [33mwarning[39m  Unexpected nullable object value in conditional. An explicit null check is required  [2mts/strict-boolean-expressions[22m[0m
[0m  [2m21:17[22m  [33mwarning[39m  Unexpected nullable object value in conditional. An explicit null check is required  [2mts/strict-boolean-expressions[22m[0m
[0m[0m
[0m[4m/Users/marie-maxime/webdev/stack/apps/demo/app/metadata-demo/page.tsx[24m[0m
[0m  [2m38:9[22m   [33mwarning[39m  Unexpected value in conditional. A boolean expression is required                                     [2mts/strict-boolean-expressions[22m[0m
[0m  [2m40:9[22m   [33mwarning[39m  Unexpected value in conditional. A boolean expression is required                                     [2mts/strict-boolean-expressions[22m[0m
[0m  [2m46:10[22m  [33mwarning[39m  Unexpected nullable object value in conditional. An explicit null check is required                   [2mts/strict-boolean-expressions[22m[0m
[0m  [2m61:10[22m  [33mwarning[39m  Unexpected nullable number value in conditional. Please handle the nullish/zero/NaN cases explicitly  [2mts/strict-boolean-expressions[22m[0m
[0m  [2m74:11[22m  [33mwarning[39m  Unexpected nullable object value in conditional. An explicit null check is required                   [2mts/strict-boolean-expressions[22m[0m
[0m[0m
[0m[4m/Users/marie-maxime/webdev/stack/apps/demo/directus-flow-handler.ts[24m[0m
[0m  [2m21:24[22m  [33mwarning[39m  Unexpected nullable string value in conditional. Please handle the nullish/empty cases explicitly  [2mts/strict-boolean-expressions[22m[0m
[0m[0m
[0m[33m[1m✖ 9 problems (0 errors, 9 warnings)[22m[39m[0m
[0m[33m[1m[22m[39m[0m
✖ 9 problems (0 errors, 9 warnings)




 NX   Successfully ran target lint for 12 projects


